L 07/11/2012 - 11:07:17: Log file started (file "logs/L0711003.log") (game "/usr/local/games/hlds/css/cstrike") (version "4981")
L 07/11/2012 - 11:07:17: Loading map "de_dust"
L 07/11/2012 - 11:07:17: server cvars start
L 07/11/2012 - 11:07:17: "sourcemod_version" = "1.4.4"
L 07/11/2012 - 11:07:17: "sm_nextmap" = ""
L 07/11/2012 - 11:07:17: "es_corelib_ver" = "2.1.1.336"
L 07/11/2012 - 11:07:17: "mattie_eventscripts" = "1"
L 07/11/2012 - 11:07:17: "eventscripts_ver" = "2.1.1.370"
L 07/11/2012 - 11:07:17: "metamod_version" = "1.8.7V"
L 07/11/2012 - 11:07:17: "mp_teamplay" = "0"
L 07/11/2012 - 11:07:17: "mp_falldamage" = "0"
L 07/11/2012 - 11:07:17: "mp_weaponstay" = "0"
L 07/11/2012 - 11:07:17: "mp_forcerespawn" = "1"
L 07/11/2012 - 11:07:17: "mp_footsteps" = "1"
L 07/11/2012 - 11:07:17: "mp_flashlight" = "0"
L 07/11/2012 - 11:07:17: "mp_autocrosshair" = "1"
L 07/11/2012 - 11:07:17: "decalfrequency" = "10"
L 07/11/2012 - 11:07:17: "mp_teamlist" = "hgrunt;scientist"
L 07/11/2012 - 11:07:17: "mp_allowNPCs" = "1"
L 07/11/2012 - 11:07:17: "mp_hostagepenalty" = "13"
L 07/11/2012 - 11:07:17: "bot_quota" = "0"
L 07/11/2012 - 11:07:17: "sv_alltalk" = "0"
L 07/11/2012 - 11:07:17: "mp_respawnwavetime" = "10.0"
L 07/11/2012 - 11:07:17: "mp_tournament" = "0"
L 07/11/2012 - 11:07:17: "tf_arena_preround_time" = "10"
L 07/11/2012 - 11:07:17: "tf_arena_round_time" = "0"
L 07/11/2012 - 11:07:17: "tf_arena_max_streak" = "3"
L 07/11/2012 - 11:07:17: "tf_arena_use_queue" = "1"
L 07/11/2012 - 11:07:17: "mp_teams_unbalance_limit" = "1"
L 07/11/2012 - 11:07:17: "mp_maxrounds" = "0"
L 07/11/2012 - 11:07:17: "mp_winlimit" = "0"
L 07/11/2012 - 11:07:17: "mp_disable_respawn_times" = "0"
L 07/11/2012 - 11:07:17: "mp_stalemate_meleeonly" = "0"
L 07/11/2012 - 11:07:17: "mp_forceautoteam" = "0"
L 07/11/2012 - 11:07:17: "mp_autoteambalance" = "1"
L 07/11/2012 - 11:07:17: "mp_stalemate_enable" = "0"
L 07/11/2012 - 11:07:17: "mp_match_end_at_timelimit" = "0"
L 07/11/2012 - 11:07:17: "mp_holiday_nogifts" = "0"
L 07/11/2012 - 11:07:17: "mp_scrambleteams_auto" = "1"
L 07/11/2012 - 11:07:17: "mp_scrambleteams_auto_windifference" = "2"
L 07/11/2012 - 11:07:17: "mp_timelimit" = "0"
L 07/11/2012 - 11:07:17: "mp_fraglimit" = "0"
L 07/11/2012 - 11:07:17: "nextlevel" = ""
L 07/11/2012 - 11:07:17: "sv_gravity" = "800"
L 07/11/2012 - 11:07:17: "sv_stopspeed" = "100"
L 07/11/2012 - 11:07:17: "sv_noclipaccelerate" = "5"
L 07/11/2012 - 11:07:17: "sv_noclipspeed" = "5"
L 07/11/2012 - 11:07:17: "sv_specaccelerate" = "5"
L 07/11/2012 - 11:07:17: "sv_specspeed" = "3"
L 07/11/2012 - 11:07:17: "sv_specnoclip" = "1"
L 07/11/2012 - 11:07:17: "sv_maxspeed" = "320"
L 07/11/2012 - 11:07:17: "sv_accelerate" = "10"
L 07/11/2012 - 11:07:17: "sv_airaccelerate" = "10"
L 07/11/2012 - 11:07:17: "sv_wateraccelerate" = "10"
L 07/11/2012 - 11:07:17: "sv_waterfriction" = "1"
L 07/11/2012 - 11:07:17: "sv_footsteps" = "1"
L 07/11/2012 - 11:07:17: "sv_rollspeed" = "200"
L 07/11/2012 - 11:07:17: "sv_rollangle" = "0"
L 07/11/2012 - 11:07:17: "sv_friction" = "4"
L 07/11/2012 - 11:07:17: "sv_bounce" = "0"
L 07/11/2012 - 11:07:17: "sv_stepsize" = "18"
L 07/11/2012 - 11:07:17: "r_VehicleViewDampen" = "1"
L 07/11/2012 - 11:07:17: "r_JeepViewDampenFreq" = "7.0"
L 07/11/2012 - 11:07:17: "r_JeepViewDampenDamp" = "1.0"
L 07/11/2012 - 11:07:17: "r_JeepViewZHeight" = "10.0"
L 07/11/2012 - 11:07:17: "r_AirboatViewDampenFreq" = "7.0"
L 07/11/2012 - 11:07:17: "r_AirboatViewDampenDamp" = "1.0"
L 07/11/2012 - 11:07:17: "r_AirboatViewZHeight" = "0.0"
L 07/11/2012 - 11:07:17: "mp_friendlyfire" = "0"
L 07/11/2012 - 11:07:17: "mp_fadetoblack" = "0"
L 07/11/2012 - 11:07:17: "sv_allowminmodels" = "1"
L 07/11/2012 - 11:07:17: "mp_startmoney" = "800"
L 07/11/2012 - 11:07:17: "mp_roundtime" = "2.5"
L 07/11/2012 - 11:07:17: "mp_freezetime" = "6"
L 07/11/2012 - 11:07:17: "mp_c4timer" = "45"
L 07/11/2012 - 11:07:17: "mp_limitteams" = "2"
L 07/11/2012 - 11:07:17: "sv_competitive_minspec" = "0"
L 07/11/2012 - 11:07:17: "sv_enableboost" = "0"
L 07/11/2012 - 11:07:17: "sv_enablebunnyhopping" = "0"
L 07/11/2012 - 11:07:17: "sv_nostats" = "0"
L 07/11/2012 - 11:07:17: "sv_steamgroup" = ""
L 07/11/2012 - 11:07:17: "sv_cheats" = "0"
L 07/11/2012 - 11:07:17: "sv_pausable" = "0"
L 07/11/2012 - 11:07:17: "sv_contact" = ""
L 07/11/2012 - 11:07:17: "sv_voiceenable" = "1"
L 07/11/2012 - 11:07:17: "tv_enable" = "0"
L 07/11/2012 - 11:07:17: "deathmatch" = "1"
L 07/11/2012 - 11:07:17: "coop" = "0"
L 07/11/2012 - 11:07:17: "tv_password" = ""
L 07/11/2012 - 11:07:17: "tv_relaypassword" = ""
L 07/11/2012 - 11:07:17: "sv_password" = ""
L 07/11/2012 - 11:07:17: "sv_tags" = ""
L 07/11/2012 - 11:07:17: server cvars end
L 07/11/2012 - 11:07:17: Started map "de_dust" (CRC "3e221fe2f4e138700eb7d0aafc0a20e5")
L 07/11/2012 - 11:07:17: server_cvar: "sv_accelerate" "5"
L 07/11/2012 - 11:07:17: server_cvar: "sv_stopspeed" "75"
L 07/11/2012 - 11:07:17: Executing dedicated server config file server.cfg
L 07/11/2012 - 11:07:17: Initializing Steam libraries for LAN server
L 07/11/2012 - 11:07:17: .
[EventScripts Version Check] Server is up-to-date.
L 07/11/2012 - 11:07:17: server_cvar: "mp_friendlyfire" "1"
L 07/11/2012 - 11:07:17: server_cvar: "sv_tags" "friendlyfire"
L 07/11/2012 - 11:07:17: server_cvar: "sv_tags" "friendlyfire"
L 07/11/2012 - 11:07:17: server_cvar: "mp_autoteambalance" "0"
L 07/11/2012 - 11:07:17: server_cvar: "mp_flashlight" "1"
L 07/11/2012 - 11:07:17: server_cvar: "mp_hostagepenalty" "0"
L 07/11/2012 - 11:07:17: server_cvar: "mp_timelimit" "25"
L 07/11/2012 - 11:07:17: server_cvar: "mp_roundtime" "5"
L 07/11/2012 - 11:07:17: Log file closed
