L 07/11/2012 - 16:44:23: Log file started (file "logs/L0711011.log") (game "/usr/local/games/hlds/css/cstrike") (version "4981")
L 07/11/2012 - 16:44:23: server_cvar: "mp_winlimit" "10"
L 07/11/2012 - 16:44:23: server_cvar: "mp_maxrounds" "15"
L 07/11/2012 - 16:44:23: World triggered "Round_Start"
L 07/11/2012 - 16:44:29: World triggered "Round_Start"
L 07/11/2012 - 16:44:33: "where's-the-ammo<4><STEAM_0:0:32369201><>" entered the game
L 07/11/2012 - 16:44:34: "Panarchus<2><STEAM_0:1:17858699><>" entered the game
L 07/11/2012 - 16:44:40: "Panarchus<2><STEAM_0:1:17858699><Unassigned>" joined team "CT"
L 07/11/2012 - 16:44:42: "where's-the-ammo<4><STEAM_0:0:32369201><Unassigned>" joined team "TERRORIST"
L 07/11/2012 - 16:44:45: "revenger<9><STEAM_0:0:17255624><>" entered the game
L 07/11/2012 - 16:44:45: World triggered "Game_Commencing"
L 07/11/2012 - 16:44:45: "tomwall<3><STEAM_0:1:30783438><>" entered the game
L 07/11/2012 - 16:44:47: "Veilrap<6><STEAM_0:0:4190636><>" entered the game
L 07/11/2012 - 16:44:48: "where's-the-ammo<4><STEAM_0:0:32369201><TERRORIST>" triggered "Got_The_Bomb"
L 07/11/2012 - 16:44:49: "revenger<9><STEAM_0:0:17255624><Unassigned>" joined team "TERRORIST"
L 07/11/2012 - 16:44:49: "tomwall<3><STEAM_0:1:30783438><Unassigned>" joined team "CT"
L 07/11/2012 - 16:44:52: "Veilrap<6><STEAM_0:0:4190636><Unassigned>" joined team "CT"
L 07/11/2012 - 16:44:54: World triggered "Round_Start"
L 07/11/2012 - 16:44:57: "clutchnasty<8><STEAM_0:1:33443748><>" entered the game
L 07/11/2012 - 16:44:59: "lubahou<10><STEAM_0:1:52664969><>" entered the game
L 07/11/2012 - 16:45:00: "PJofT35<7><STEAM_0:0:32612111><>" entered the game
L 07/11/2012 - 16:45:01: "clutchnasty<8><STEAM_0:1:33443748><Unassigned>" joined team "TERRORIST"
L 07/11/2012 - 16:45:09: "lubahou<10><STEAM_0:1:52664969><Unassigned>" joined team "TERRORIST"
L 07/11/2012 - 16:45:22: "where's-the-ammo<4><STEAM_0:0:32369201><TERRORIST>" triggered "Dropped_The_Bomb"
L 07/11/2012 - 16:45:22: "Panarchus<2><STEAM_0:1:17858699><CT>" killed "where's-the-ammo<4><STEAM_0:0:32369201><TERRORIST>" with "usp" (attacker_position "1412 612 -216") (victim_position "1372 779 -152")
L 07/11/2012 - 16:45:27: "Veilrap<6><STEAM_0:0:4190636><CT>" killed "clutchnasty<8><STEAM_0:1:33443748><TERRORIST>" with "elite" (headshot) (attacker_position "1348 952 -216") (victim_position "1243 1603 -159")
L 07/11/2012 - 16:45:36: "tomwall<3><STEAM_0:1:30783438><CT>" killed "revenger<9><STEAM_0:0:17255624><TERRORIST>" with "usp" (headshot) (attacker_position "1305 1489 -223") (victim_position "1486 1587 -160")
L 07/11/2012 - 16:45:36: Team "CT" triggered "CTs_Win" (CT "1") (T "0")
L 07/11/2012 - 16:45:36: Team "CT" scored "1" with "3" players
L 07/11/2012 - 16:45:36: Team "TERRORIST" scored "0" with "4" players
L 07/11/2012 - 16:45:36: World triggered "Round_End"
L 07/11/2012 - 16:45:41: "revenger<9><STEAM_0:0:17255624><TERRORIST>" triggered "Got_The_Bomb"
L 07/11/2012 - 16:45:47: World triggered "Round_Start"
L 07/11/2012 - 16:46:06: "tomwall<3><STEAM_0:1:30783438><CT>" killed "where's-the-ammo<4><STEAM_0:0:32369201><TERRORIST>" with "ump45" (headshot) (attacker_position "79 322 -225") (victim_position "-64 632 -157")
L 07/11/2012 - 16:46:08: "PJofT35<7><STEAM_0:0:32612111><Unassigned>" joined team "CT"
L 07/11/2012 - 16:46:18: "tomwall<3><STEAM_0:1:30783438><CT>" killed "lubahou<10><STEAM_0:1:52664969><TERRORIST>" with "ump45" (attacker_position "-655 913 -216") (victim_position "-744 1291 -159")
L 07/11/2012 - 16:46:22: "clutchnasty<8><STEAM_0:1:33443748><TERRORIST>" killed "tomwall<3><STEAM_0:1:30783438><CT>" with "mac10" (headshot) (attacker_position "-848 1437 -221") (victim_position "-778 1016 -152")
L 07/11/2012 - 16:46:52: "revenger<9><STEAM_0:0:17255624><TERRORIST>" triggered "Planted_The_Bomb"
L 07/11/2012 - 16:47:09: "Panarchus<2><STEAM_0:1:17858699><CT>" killed "clutchnasty<8><STEAM_0:1:33443748><TERRORIST>" with "m4a1" (headshot) (attacker_position "473 -436 -222") (victim_position "577 -396 -158")
L 07/11/2012 - 16:47:23: "Panarchus<2><STEAM_0:1:17858699><CT>" killed "revenger<9><STEAM_0:0:17255624><TERRORIST>" with "m4a1" (attacker_position "1848 19 -216") (victim_position "1917 -549 -182")
L 07/11/2012 - 16:47:26: "Panarchus<2><STEAM_0:1:17858699><CT>" triggered "Begin_Bomb_Defuse_Without_Kit"
L 07/11/2012 - 16:47:26: "Panarchus<2><STEAM_0:1:17858699><CT>" triggered "Begin_Bomb_Defuse_Without_Kit"
L 07/11/2012 - 16:47:36: "Panarchus<2><STEAM_0:1:17858699><CT>" triggered "Defused_The_Bomb"
L 07/11/2012 - 16:47:36: Team "CT" triggered "Bomb_Defused" (CT "2") (T "0")
L 07/11/2012 - 16:47:36: Team "CT" scored "2" with "4" players
L 07/11/2012 - 16:47:36: Team "TERRORIST" scored "0" with "4" players
L 07/11/2012 - 16:47:36: World triggered "Round_End"
L 07/11/2012 - 16:47:41: "clutchnasty<8><STEAM_0:1:33443748><TERRORIST>" triggered "Got_The_Bomb"
L 07/11/2012 - 16:47:47: World triggered "Round_Start"
L 07/11/2012 - 16:48:27: "clutchnasty<8><STEAM_0:1:33443748><TERRORIST>" triggered "Dropped_The_Bomb"
L 07/11/2012 - 16:48:27: "tomwall<3><STEAM_0:1:30783438><CT>" killed "clutchnasty<8><STEAM_0:1:33443748><TERRORIST>" with "ump45" (headshot) (attacker_position "345 -1138 -352") (victim_position "-186 -1346 -305")
L 07/11/2012 - 16:48:31: "PJofT35<7><STEAM_0:0:32612111><CT>" killed "lubahou<10><STEAM_0:1:52664969><TERRORIST>" with "famas" (headshot) (attacker_position "-281 1479 -216") (victim_position "-545 1540 -159")
L 07/11/2012 - 16:48:33: "revenger<9><STEAM_0:0:17255624><TERRORIST>" killed "tomwall<3><STEAM_0:1:30783438><CT>" with "galil" (attacker_position "-605 -1737 -104") (victim_position "465 -1074 -144")
L 07/11/2012 - 16:48:39: "where's-the-ammo<4><STEAM_0:0:32369201><TERRORIST>" triggered "Got_The_Bomb"
L 07/11/2012 - 16:48:42: "revenger<9><STEAM_0:0:17255624><TERRORIST>" killed "Panarchus<2><STEAM_0:1:17858699><CT>" with "galil" (attacker_position "-952 -1771 -152") (victim_position "-965 -565 -32")
L 07/11/2012 - 16:48:53: "where's-the-ammo<4><STEAM_0:0:32369201><TERRORIST>" triggered "Planted_The_Bomb"
L 07/11/2012 - 16:49:01: "revenger<9><STEAM_0:0:17255624><TERRORIST>" killed "Veilrap<6><STEAM_0:0:4190636><CT>" with "galil" (headshot) (attacker_position "-930 -1674 -152") (victim_position "-1016 -605 -32")
L 07/11/2012 - 16:49:13: "where's-the-ammo<4><STEAM_0:0:32369201><TERRORIST>" killed "PJofT35<7><STEAM_0:0:32612111><CT>" with "ump45" (attacker_position "-16 -1615 -352") (victim_position "-137 -1185 -288")
L 07/11/2012 - 16:49:13: Team "TERRORIST" triggered "Terrorists_Win" (CT "2") (T "1")
L 07/11/2012 - 16:49:13: Team "CT" scored "2" with "4" players
L 07/11/2012 - 16:49:13: Team "TERRORIST" scored "1" with "4" players
L 07/11/2012 - 16:49:13: World triggered "Round_End"
L 07/11/2012 - 16:49:18: "lubahou<10><STEAM_0:1:52664969><TERRORIST>" triggered "Got_The_Bomb"
L 07/11/2012 - 16:49:24: World triggered "Round_Start"
L 07/11/2012 - 16:49:47: "Panarchus<2><STEAM_0:1:17858699><CT>" killed "clutchnasty<8><STEAM_0:1:33443748><TERRORIST>" with "m4a1" (attacker_position "1008 -256 -216") (victim_position "-94 101 -152")
L 07/11/2012 - 16:49:50: "Panarchus<2><STEAM_0:1:17858699><CT>" killed "where's-the-ammo<4><STEAM_0:0:32369201><TERRORIST>" with "m4a1" (headshot) (attacker_position "1009 -255 -216") (victim_position "-14 261 -4")
L 07/11/2012 - 16:51:26: "tomwall<3><STEAM_0:1:30783438><CT>" killed "revenger<9><STEAM_0:0:17255624><TERRORIST>" with "famas" (attacker_position "1355 754 -216") (victim_position "1453 572 -152")
L 07/11/2012 - 16:51:29: "lubahou<10><STEAM_0:1:52664969><TERRORIST>" killed "tomwall<3><STEAM_0:1:30783438><CT>" with "galil" (attacker_position "1855 442 -216") (victim_position "1639 523 -152")
L 07/11/2012 - 16:51:34: "lubahou<10><STEAM_0:1:52664969><TERRORIST>" triggered "Dropped_The_Bomb"
L 07/11/2012 - 16:51:34: "Veilrap<6><STEAM_0:0:4190636><CT>" killed "lubahou<10><STEAM_0:1:52664969><TERRORIST>" with "m249" (attacker_position "1806 306 -216") (victim_position "1774 308 -152")
L 07/11/2012 - 16:51:34: Team "CT" triggered "CTs_Win" (CT "3") (T "1")
L 07/11/2012 - 16:51:34: Team "CT" scored "3" with "4" players
L 07/11/2012 - 16:51:34: Team "TERRORIST" scored "1" with "4" players
L 07/11/2012 - 16:51:34: World triggered "Round_End"
L 07/11/2012 - 16:51:39: "where's-the-ammo<4><STEAM_0:0:32369201><TERRORIST>" triggered "Got_The_Bomb"
L 07/11/2012 - 16:51:45: World triggered "Round_Start"
L 07/11/2012 - 16:52:15: "where's-the-ammo<4><STEAM_0:0:32369201><TERRORIST>" killed "PJofT35<7><STEAM_0:0:32612111><CT>" with "p90" (headshot) (attacker_position "958 526 -216") (victim_position "685 648 -152")
L 07/11/2012 - 16:52:20: "where's-the-ammo<4><STEAM_0:0:32369201><TERRORIST>" triggered "Dropped_The_Bomb"
L 07/11/2012 - 16:52:20: "Veilrap<6><STEAM_0:0:4190636><CT>" killed "where's-the-ammo<4><STEAM_0:0:32369201><TERRORIST>" with "m249" (attacker_position "1297 699 -216") (victim_position "1392 450 -152")
L 07/11/2012 - 16:52:32: "tomwall<3><STEAM_0:1:30783438><CT>" killed "revenger<9><STEAM_0:0:17255624><TERRORIST>" with "famas" (attacker_position "827 295 -223") (victim_position "-428 427 -159")
L 07/11/2012 - 16:52:39: "Veilrap<6><STEAM_0:0:4190636><CT>" killed "clutchnasty<8><STEAM_0:1:33443748><TERRORIST>" with "m249" (headshot) (attacker_position "-343 701 -223") (victim_position "-112 777 -156")
L 07/11/2012 - 16:52:42: "lubahou<10><STEAM_0:1:52664969><TERRORIST>" killed "Panarchus<2><STEAM_0:1:17858699><CT>" with "galil" (attacker_position "491 -235 -225") (victim_position "595 -359 -158")
L 07/11/2012 - 16:52:54: "tomwall<3><STEAM_0:1:30783438><CT>" killed "lubahou<10><STEAM_0:1:52664969><TERRORIST>" with "famas" (headshot) (attacker_position "838 -895 -302") (victim_position "749 -1034 -296")
L 07/11/2012 - 16:52:54: Team "CT" triggered "CTs_Win" (CT "4") (T "1")
L 07/11/2012 - 16:52:54: Team "CT" scored "4" with "4" players
L 07/11/2012 - 16:52:54: Team "TERRORIST" scored "1" with "4" players
L 07/11/2012 - 16:52:54: World triggered "Round_End"
L 07/11/2012 - 16:52:59: "revenger<9><STEAM_0:0:17255624><TERRORIST>" triggered "Got_The_Bomb"
L 07/11/2012 - 16:53:05: World triggered "Round_Start"
L 07/11/2012 - 16:53:51: "revenger<9><STEAM_0:0:17255624><TERRORIST>" triggered "Planted_The_Bomb"
L 07/11/2012 - 16:53:56: "clutchnasty<8><STEAM_0:1:33443748><TERRORIST>" killed "tomwall<3><STEAM_0:1:30783438><CT>" with "elite" (attacker_position "1353 -1113 -352") (victim_position "1392 -946 -288")
L 07/11/2012 - 16:53:57: "Veilrap<6><STEAM_0:0:4190636><CT>" killed "clutchnasty<8><STEAM_0:1:33443748><TERRORIST>" with "m249" (attacker_position "1185 -1728 -276") (victim_position "1345 -1263 -277")
L 07/11/2012 - 16:54:10: "PJofT35<7><STEAM_0:0:32612111><CT>" killed "revenger<9><STEAM_0:0:17255624><TERRORIST>" with "m4a1" (headshot) (attacker_position "175 -1207 -352") (victim_position "-499 -1035 -288")
L 07/11/2012 - 16:54:15: "Panarchus<2><STEAM_0:1:17858699><CT>" triggered "Begin_Bomb_Defuse_With_Kit"
L 07/11/2012 - 16:54:20: "Panarchus<2><STEAM_0:1:17858699><CT>" triggered "Defused_The_Bomb"
L 07/11/2012 - 16:54:20: Team "CT" triggered "Bomb_Defused" (CT "5") (T "1")
L 07/11/2012 - 16:54:20: Team "CT" scored "5" with "4" players
L 07/11/2012 - 16:54:20: Team "TERRORIST" scored "1" with "4" players
L 07/11/2012 - 16:54:20: World triggered "Round_End"
L 07/11/2012 - 16:54:21: "careymichael<11><STEAM_0:1:783955><>" connected, address "10.10.240.102:27005"
L 07/11/2012 - 16:54:22: "careymichael<11><STEAM_0:1:783955><>" STEAM USERID validated
L 07/11/2012 - 16:54:23: "PJofT35<7><STEAM_0:0:32612111><CT>" killed "lubahou<10><STEAM_0:1:52664969><TERRORIST>" with "m4a1" (attacker_position "-123 -861 -324") (victim_position "205 -836 -260")
L 07/11/2012 - 16:54:24: "where's-the-ammo<4><STEAM_0:0:32369201><TERRORIST>" killed "PJofT35<7><STEAM_0:0:32612111><CT>" with "p90" (attacker_position "736 -1027 -360") (victim_position "22 -855 -260")
L 07/11/2012 - 16:54:25: "clutchnasty<8><STEAM_0:1:33443748><TERRORIST>" triggered "Got_The_Bomb"
L 07/11/2012 - 16:54:31: World triggered "Round_Start"
L 07/11/2012 - 16:54:50: "careymichael<11><STEAM_0:1:783955><>" entered the game
L 07/11/2012 - 16:55:10: "clutchnasty<8><STEAM_0:1:33443748><TERRORIST>" triggered "Dropped_The_Bomb"
L 07/11/2012 - 16:55:10: "PJofT35<7><STEAM_0:0:32612111><CT>" killed "clutchnasty<8><STEAM_0:1:33443748><TERRORIST>" with "m4a1" (headshot) (attacker_position "1353 764 -216") (victim_position "1242 1494 -159")
L 07/11/2012 - 16:55:15: "PJofT35<7><STEAM_0:0:32612111><CT>" killed "lubahou<10><STEAM_0:1:52664969><TERRORIST>" with "m4a1" (attacker_position "1356 947 -216") (victim_position "1245 1686 -158")
L 07/11/2012 - 16:55:19: "careymichael<11><STEAM_0:1:783955><Unassigned>" joined team "TERRORIST"
L 07/11/2012 - 16:55:26: "PJofT35<7><STEAM_0:0:32612111><CT>" killed "revenger<9><STEAM_0:0:17255624><TERRORIST>" with "m4a1" (headshot) (attacker_position "1251 1676 -223") (victim_position "692 1547 -177")
L 07/11/2012 - 16:55:33: "where's-the-ammo<4><STEAM_0:0:32369201><TERRORIST>" killed "PJofT35<7><STEAM_0:0:32612111><CT>" with "p90" (headshot) (attacker_position "1327 948 -216") (victim_position "1339 1294 -152")
L 07/11/2012 - 16:55:36: "where's-the-ammo<4><STEAM_0:0:32369201><TERRORIST>" triggered "Got_The_Bomb"
L 07/11/2012 - 16:55:38: "where's-the-ammo<4><STEAM_0:0:32369201><TERRORIST>" triggered "Dropped_The_Bomb"
L 07/11/2012 - 16:55:38: "Panarchus<2><STEAM_0:1:17858699><CT>" killed "where's-the-ammo<4><STEAM_0:0:32369201><TERRORIST>" with "m4a1" (attacker_position "1026 1437 -216") (victim_position "1250 1408 -152")
L 07/11/2012 - 16:55:38: Team "CT" triggered "CTs_Win" (CT "6") (T "1")
L 07/11/2012 - 16:55:38: Team "CT" scored "6" with "4" players
L 07/11/2012 - 16:55:38: Team "TERRORIST" scored "1" with "5" players
L 07/11/2012 - 16:55:38: World triggered "Round_End"
L 07/11/2012 - 16:55:43: "lubahou<10><STEAM_0:1:52664969><TERRORIST>" triggered "Got_The_Bomb"
L 07/11/2012 - 16:55:49: World triggered "Round_Start"
L 07/11/2012 - 16:56:02: "tomwall<3><STEAM_0:1:30783438><CT>" killed "where's-the-ammo<4><STEAM_0:0:32369201><TERRORIST>" with "famas" (attacker_position "1637 587 -216") (victim_position "414 583 -152")
L 07/11/2012 - 16:56:42: "tomwall<3><STEAM_0:1:30783438><CT>" killed "revenger<9><STEAM_0:0:17255624><TERRORIST>" with "famas" (attacker_position "-429 -836 -324") (victim_position "-449 -1061 -288")
L 07/11/2012 - 16:56:47: "Panarchus<2><STEAM_0:1:17858699><CT>" killed "clutchnasty<8><STEAM_0:1:33443748><TERRORIST>" with "m4a1" (attacker_position "166 -1088 -352") (victim_position "-417 -1255 -296")
L 07/11/2012 - 16:57:01: "lubahou<10><STEAM_0:1:52664969><TERRORIST>" killed "PJofT35<7><STEAM_0:0:32612111><CT>" with "galil" (headshot) (attacker_position "-571 -836 -309") (victim_position "-539 -857 -257")
L 07/11/2012 - 16:57:12: "Panarchus<2><STEAM_0:1:17858699><CT>" killed "careymichael<11><STEAM_0:1:783955><TERRORIST>" with "m4a1" (headshot) (attacker_position "1037 -634 -222") (victim_position "984 -675 -158")
L 07/11/2012 - 16:57:23: "lubahou<10><STEAM_0:1:52664969><TERRORIST>" triggered "Dropped_The_Bomb"
L 07/11/2012 - 16:57:23: "Veilrap<6><STEAM_0:0:4190636><CT>" killed "lubahou<10><STEAM_0:1:52664969><TERRORIST>" with "m249" (headshot) (attacker_position "1859 -1735 -324") (victim_position "1757 -1744 -260")
L 07/11/2012 - 16:57:23: Team "CT" triggered "CTs_Win" (CT "7") (T "1")
L 07/11/2012 - 16:57:23: Team "CT" scored "7" with "4" players
L 07/11/2012 - 16:57:23: Team "TERRORIST" scored "1" with "5" players
L 07/11/2012 - 16:57:23: World triggered "Round_End"
L 07/11/2012 - 16:57:28: "careymichael<11><STEAM_0:1:783955><TERRORIST>" triggered "Got_The_Bomb"
L 07/11/2012 - 16:57:34: World triggered "Round_Start"
L 07/11/2012 - 16:58:05: "careymichael<11><STEAM_0:1:783955><TERRORIST>" triggered "Dropped_The_Bomb"
L 07/11/2012 - 16:58:05: "PJofT35<7><STEAM_0:0:32612111><CT>" killed "careymichael<11><STEAM_0:1:783955><TERRORIST>" with "m4a1" (headshot) (attacker_position "-1456 1488 -227") (victim_position "-1536 1504 -161")
L 07/11/2012 - 16:58:07: "revenger<9><STEAM_0:0:17255624><TERRORIST>" killed "tomwall<3><STEAM_0:1:30783438><CT>" with "galil" (headshot) (attacker_position "-358 172 -222") (victim_position "28 380 -178")
L 07/11/2012 - 16:58:07: "lubahou<10><STEAM_0:1:52664969><TERRORIST>" disconnected (reason "lubahou timed out")
L 07/11/2012 - 16:58:19: "Panarchus<2><STEAM_0:1:17858699><CT>" killed "where's-the-ammo<4><STEAM_0:0:32369201><TERRORIST>" with "m4a1" (attacker_position "595 283 -223") (victim_position "272 547 -14")
L 07/11/2012 - 16:58:26: "PJofT35<7><STEAM_0:0:32612111><CT>" killed "revenger<9><STEAM_0:0:17255624><TERRORIST>" with "m4a1" (attacker_position "-1670 1379 -227") (victim_position "-54 1471 -152")
L 07/11/2012 - 16:58:39: "clutchnasty<8><STEAM_0:1:33443748><TERRORIST>" killed "Panarchus<2><STEAM_0:1:17858699><CT>" with "galil" (attacker_position "428 720 40") (victim_position "396 746 104")
L 07/11/2012 - 16:59:08: "clutchnasty<8><STEAM_0:1:33443748><TERRORIST>" triggered "Got_The_Bomb"
L 07/11/2012 - 16:59:12: "clutchnasty<8><STEAM_0:1:33443748><TERRORIST>" killed "PJofT35<7><STEAM_0:0:32612111><CT>" with "m4a1" (attacker_position "-1064 1391 -224") (victim_position "-1514 1515 -160")
L 07/11/2012 - 16:59:34: "clutchnasty<8><STEAM_0:1:33443748><TERRORIST>" killed "Veilrap<6><STEAM_0:0:4190636><CT>" with "m4a1" (headshot) (attacker_position "-644 -861 -270") (victim_position "-359 -867 -260")
L 07/11/2012 - 16:59:34: Team "TERRORIST" triggered "Terrorists_Win" (CT "7") (T "2")
L 07/11/2012 - 16:59:34: Team "CT" scored "7" with "4" players
L 07/11/2012 - 16:59:34: Team "TERRORIST" scored "2" with "4" players
L 07/11/2012 - 16:59:34: World triggered "Round_End"
L 07/11/2012 - 16:59:39: "where's-the-ammo<4><STEAM_0:0:32369201><TERRORIST>" triggered "Got_The_Bomb"
L 07/11/2012 - 16:59:45: World triggered "Round_Start"
L 07/11/2012 - 16:59:52: "where's-the-ammo<4><STEAM_0:0:32369201><TERRORIST>" say_team "follw ome"
L 07/11/2012 - 17:00:14: "Henry<12><STEAM_0:1:53104189><>" connected, address "10.10.240.78:27005"
L 07/11/2012 - 17:00:17: "where's-the-ammo<4><STEAM_0:0:32369201><TERRORIST>" triggered "Planted_The_Bomb"
L 07/11/2012 - 17:00:20: "PJofT35<7><STEAM_0:0:32612111><CT>" killed "clutchnasty<8><STEAM_0:1:33443748><TERRORIST>" with "mp5navy" (attacker_position "-1036 -595 -96") (victim_position "-1003 -1100 -88")
L 07/11/2012 - 17:00:20: "careymichael<11><STEAM_0:1:783955><TERRORIST>" killed "Panarchus<2><STEAM_0:1:17858699><CT>" with "ak47" (attacker_position "1368 -1673 -324") (victim_position "868 -1691 -76")
L 07/11/2012 - 17:00:28: "careymichael<11><STEAM_0:1:783955><TERRORIST>" killed "tomwall<3><STEAM_0:1:30783438><CT>" with "ak47" (headshot) (attacker_position "1732 -1464 -324") (victim_position "1904 -1168 -220")
L 07/11/2012 - 17:00:35: "PJofT35<7><STEAM_0:0:32612111><CT>" triggered "Begin_Bomb_Defuse_Without_Kit"
L 07/11/2012 - 17:00:39: "PJofT35<7><STEAM_0:0:32612111><CT>" killed "where's-the-ammo<4><STEAM_0:0:32369201><TERRORIST>" with "m4a1" (attacker_position "-224 -1369 -352") (victim_position "52 -1602 -305")
L 07/11/2012 - 17:00:40: "PJofT35<7><STEAM_0:0:32612111><CT>" triggered "Begin_Bomb_Defuse_Without_Kit"
L 07/11/2012 - 17:00:46: "Henry<12><STEAM_0:1:53104189><>" entered the game
L 07/11/2012 - 17:00:50: "PJofT35<7><STEAM_0:0:32612111><CT>" triggered "Defused_The_Bomb"
L 07/11/2012 - 17:00:50: Team "CT" triggered "Bomb_Defused" (CT "8") (T "2")
L 07/11/2012 - 17:00:50: Team "CT" scored "8" with "4" players
L 07/11/2012 - 17:00:50: Team "TERRORIST" scored "2" with "4" players
L 07/11/2012 - 17:00:50: World triggered "Round_End"
L 07/11/2012 - 17:00:51: "where's-the-ammo<4><STEAM_0:0:32369201><TERRORIST>" say_team "save the b"
L 07/11/2012 - 17:00:55: "careymichael<11><STEAM_0:1:783955><TERRORIST>" killed "Veilrap<6><STEAM_0:0:4190636><CT>" with "ak47" (attacker_position "1275 -1416 -352") (victim_position "1361 -1616 -288")
L 07/11/2012 - 17:00:56: "revenger<9><STEAM_0:0:17255624><TERRORIST>" triggered "Got_The_Bomb"
L 07/11/2012 - 17:01:01: World triggered "Round_Start"
L 07/11/2012 - 17:01:06: "Henry<12><STEAM_0:1:53104189><Unassigned>" joined team "TERRORIST"
L 07/11/2012 - 17:01:19: "tomwall<3><STEAM_0:1:30783438><CT>" killed "careymichael<11><STEAM_0:1:783955><TERRORIST>" with "famas" (headshot) (attacker_position "1345 587 -216") (victim_position "1287 697 -152")
L 07/11/2012 - 17:01:31: "tomwall<3><STEAM_0:1:30783438><CT>" killed "where's-the-ammo<4><STEAM_0:0:32369201><TERRORIST>" with "famas" (headshot) (attacker_position "1444 537 -216") (victim_position "1330 941 -152")
L 07/11/2012 - 17:01:41: "tomwall<3><STEAM_0:1:30783438><CT>" killed "clutchnasty<8><STEAM_0:1:33443748><TERRORIST>" with "famas" (headshot) (attacker_position "1341 1031 -216") (victim_position "1266 1495 -176")
L 07/11/2012 - 17:01:44: STEAMAUTH: Client Henry received failure code 1
L 07/11/2012 - 17:01:48: "revenger<9><STEAM_0:0:17255624><TERRORIST>" killed "tomwall<3><STEAM_0:1:30783438><CT>" with "ak47" (attacker_position "1401 1623 -222") (victim_position "1320 1223 -152")
L 07/11/2012 - 17:01:50: "revenger<9><STEAM_0:0:17255624><TERRORIST>" triggered "Dropped_The_Bomb"
L 07/11/2012 - 17:01:50: "PJofT35<7><STEAM_0:0:32612111><CT>" killed "revenger<9><STEAM_0:0:17255624><TERRORIST>" with "m4a1" (attacker_position "1253 1232 -216") (victim_position "1378 1481 -155")
L 07/11/2012 - 17:01:50: Team "CT" triggered "CTs_Win" (CT "9") (T "2")
L 07/11/2012 - 17:01:50: Team "CT" scored "9" with "4" players
L 07/11/2012 - 17:01:50: Team "TERRORIST" scored "2" with "5" players
L 07/11/2012 - 17:01:50: World triggered "Round_End"
L 07/11/2012 - 17:01:56: "clutchnasty<8><STEAM_0:1:33443748><TERRORIST>" triggered "Got_The_Bomb"
L 07/11/2012 - 17:02:01: World triggered "Round_Start"
L 07/11/2012 - 17:02:22: "clutchnasty<8><STEAM_0:1:33443748><TERRORIST>" triggered "Planted_The_Bomb"
L 07/11/2012 - 17:02:29: "revenger<9><STEAM_0:0:17255624><TERRORIST>" killed "PJofT35<7><STEAM_0:0:32612111><CT>" with "galil" (attacker_position "690 -973 -352") (victim_position "1092 -908 -198")
L 07/11/2012 - 17:02:38: "clutchnasty<8><STEAM_0:1:33443748><TERRORIST>" killed "Panarchus<2><STEAM_0:1:17858699><CT>" with "ak47" (attacker_position "1125 -1730 -250") (victim_position "1755 -1682 -260")
L 07/11/2012 - 17:02:39: "Veilrap<6><STEAM_0:0:4190636><CT>" killed "tomwall<3><STEAM_0:1:30783438><CT>" with "m249" (headshot) (attacker_position "957 -577 -222") (victim_position "968 -699 -158")
L 07/11/2012 - 17:02:51: "Veilrap<6><STEAM_0:0:4190636><CT>" triggered "Begin_Bomb_Defuse_With_Kit"
L 07/11/2012 - 17:02:54: "Henry<12><STEAM_0:1:53104189><TERRORIST>" killed "Veilrap<6><STEAM_0:0:4190636><CT>" with "deagle" (attacker_position "960 -1175 -352") (victim_position "-169 -1179 -305")
L 07/11/2012 - 17:02:54: Team "TERRORIST" triggered "Terrorists_Win" (CT "9") (T "3")
L 07/11/2012 - 17:02:54: Team "CT" scored "9" with "4" players
L 07/11/2012 - 17:02:54: Team "TERRORIST" scored "3" with "5" players
L 07/11/2012 - 17:02:54: World triggered "Round_End"
L 07/11/2012 - 17:02:59: "Henry<12><STEAM_0:1:53104189><TERRORIST>" triggered "Got_The_Bomb"
L 07/11/2012 - 17:03:05: World triggered "Round_Start"
L 07/11/2012 - 17:03:22: "Panarchus<2><STEAM_0:1:17858699><CT>" killed "careymichael<11><STEAM_0:1:783955><TERRORIST>" with "m4a1" (headshot) (attacker_position "624 -355 -222") (victim_position "414 -273 -158")
L 07/11/2012 - 17:03:34: "Panarchus<2><STEAM_0:1:17858699><CT>" killed "clutchnasty<8><STEAM_0:1:33443748><TERRORIST>" with "m4a1" (headshot) (attacker_position "347 20 -216") (victim_position "-229 -59 -169")
L 07/11/2012 - 17:03:36: "revenger<9><STEAM_0:0:17255624><TERRORIST>" killed "Panarchus<2><STEAM_0:1:17858699><CT>" with "galil" (attacker_position "-381 103 -216") (victim_position "347 195 -159")
L 07/11/2012 - 17:03:52: "tomwall<3><STEAM_0:1:30783438><CT>" killed "where's-the-ammo<4><STEAM_0:0:32369201><TERRORIST>" with "famas" (attacker_position "832 166 -223") (victim_position "960 129 -152")
L 07/11/2012 - 17:03:57: "Henry<12><STEAM_0:1:53104189><TERRORIST>" triggered "Dropped_The_Bomb"
L 07/11/2012 - 17:03:57: "tomwall<3><STEAM_0:1:30783438><CT>" killed "Henry<12><STEAM_0:1:53104189><TERRORIST>" with "famas" (attacker_position "1097 218 -67") (victim_position "631 104 -152")
L 07/11/2012 - 17:04:04: "tomwall<3><STEAM_0:1:30783438><CT>" killed "revenger<9><STEAM_0:0:17255624><TERRORIST>" with "famas" (headshot) (attacker_position "1709 203 -69") (victim_position "1781 156 -167")
L 07/11/2012 - 17:04:04: Team "CT" triggered "CTs_Win" (CT "10") (T "3")
L 07/11/2012 - 17:04:04: Team "CT" scored "10" with "4" players
L 07/11/2012 - 17:04:04: Team "TERRORIST" scored "3" with "5" players
L 07/11/2012 - 17:04:04: World triggered "Round_End"
L 07/11/2012 - 17:04:04: Team "CT" triggered "Intermission_Win_Limit"
L 07/11/2012 - 17:04:15: [META] Loaded 0 plugins (1 already loaded)
L 07/11/2012 - 17:04:15: [META] Loaded 0 plugins (1 already loaded)
L 07/11/2012 - 17:04:15: Log file closed
